<?xml version="1.0" encoding="UTF-8"?>
<!-- Generated by org.testng.reporters.JUnitReportReporter -->
<testsuite skipped="0" hostname="Paola-Rincon.local" name="MainPage.FlujoServicio" tests="1" failures="0" timestamp="22 nov 2019 03:54:14 GMT" time="34.414" errors="0">
  <testcase name="paginaPrincipalServicio" time="34.414" classname="MainPage.FlujoServicio"/>
</testsuite> <!-- MainPage.FlujoServicio -->
