<?xml version="1.0" encoding="UTF-8"?>
<!-- Generated by org.testng.reporters.JUnitReportReporter -->
<testsuite skipped="0" hostname="Paola-Rincon.local" name="MainPage.Principal" tests="1" failures="0" timestamp="22 nov 2019 02:29:21 GMT" time="8.676" errors="0">
  <testcase name="flujoPaginaPrincipal" time="8.676" classname="MainPage.Principal"/>
</testsuite> <!-- MainPage.Principal -->
